# JRE version: OpenJDK Runtime Environment (21.0.3) (build 21.0.3+-12282718-b509.11)
# Java VM: OpenJDK 64-Bit Server VM (21.0.3+-12282718-b509.11, mixed mode, tiered, compressed oops, compressed class ptrs, g1 gc, windows-amd64)
GC Precious Log:
 CardTable entry size: 512
 Card Set container configuration: InlinePtr #cards 5 size 8 Array Of Cards #cards 12 size 40 Howl #buckets 4 coarsen threshold 1843 Howl Bitmap #cards 512 size 80 coarsen threshold 460 Card regions per heap region 1 cards per card region 2048
 CPUs: 16 total, 16 available
 Memory: 16004M
 Large Page Support: Disabled
 NUMA Support: Disabled
 Compressed Oops: Enabled (32-bit)
 Heap Region Size: 1M
 Heap Min Capacity: 8M
 Heap Initial Capacity: 252M
 Heap Max Capacity: 2G
 Pre-touch: Disabled
 Parallel Workers: 13
 Concurrent Workers: 3
 Concurrent Refinement Workers: 13
 Periodic GC: Disabled
Heap:
 garbage-first heap   total 464896K, used 293718K [0x0000000080000000, 0x0000000100000000)
  region size 1024K, 40 young (40960K), 16 survivors (16384K)
 Metaspace       used 237983K, committed 239808K, reserved 1310720K
  class space    used 30679K, committed 31552K, reserved 1048576K
GC Heap History (20 events):
Event: 263.643 GC heap before
{Heap before GC invocations=63 (full 0):
 garbage-first heap   total 401408K, used 363080K [0x0000000080000000, 0x0000000100000000)
  region size 1024K, 143 young (146432K), 11 survivors (11264K)
 Metaspace       used 172676K, committed 174976K, reserved 1245184K
  class space    used 23029K, committed 24192K, reserved 1048576K
}
Event: 263.652 GC heap after
{Heap after GC invocations=64 (full 0):
 garbage-first heap   total 401408K, used 192356K [0x0000000080000000, 0x0000000100000000)
  region size 1024K, 12 young (12288K), 12 survivors (12288K)
 Metaspace       used 172676K, committed 174976K, reserved 1245184K
  class space    used 23029K, committed 24192K, reserved 1048576K
}
Event: 265.047 GC heap before
{Heap before GC invocations=64 (full 0):
 garbage-first heap   total 401408K, used 363364K [0x0000000080000000, 0x0000000100000000)
  region size 1024K, 180 young (184320K), 12 survivors (12288K)
 Metaspace       used 176696K, committed 179072K, reserved 1245184K
  class space    used 23549K, committed 24768K, reserved 1048576K
}
Event: 265.062 GC heap after
{Heap after GC invocations=65 (full 0):
 garbage-first heap   total 401408K, used 169589K [0x0000000080000000, 0x0000000100000000)
  region size 1024K, 14 young (14336K), 14 survivors (14336K)
 Metaspace       used 176696K, committed 179072K, reserved 1245184K
  class space    used 23549K, committed 24768K, reserved 1048576K
}
Event: 265.885 GC heap before
{Heap before GC invocations=65 (full 0):
 garbage-first heap   total 401408K, used 370293K [0x0000000080000000, 0x0000000100000000)
  region size 1024K, 205 young (209920K), 14 survivors (14336K)
 Metaspace       used 177494K, committed 179840K, reserved 1245184K
  class space    used 23622K, committed 24832K, reserved 1048576K
}
Event: 265.900 GC heap after
{Heap after GC invocations=66 (full 0):
 garbage-first heap   total 410624K, used 194327K [0x0000000080000000, 0x0000000100000000)
  region size 1024K, 26 young (26624K), 26 survivors (26624K)
 Metaspace       used 177494K, committed 179840K, reserved 1245184K
  class space    used 23622K, committed 24832K, reserved 1048576K
}
Event: 265.965 GC heap before
{Heap before GC invocations=66 (full 0):
 garbage-first heap   total 410624K, used 246551K [0x0000000080000000, 0x0000000100000000)
  region size 1024K, 79 young (80896K), 26 survivors (26624K)
 Metaspace       used 177496K, committed 179840K, reserved 1245184K
  class space    used 23622K, committed 24832K, reserved 1048576K
}
Event: 265.976 GC heap after
{Heap after GC invocations=67 (full 0):
 garbage-first heap   total 410624K, used 197480K [0x0000000080000000, 0x0000000100000000)
  region size 1024K, 7 young (7168K), 7 survivors (7168K)
 Metaspace       used 177496K, committed 179840K, reserved 1245184K
  class space    used 23622K, committed 24832K, reserved 1048576K
}
Event: 1862.225 GC heap before
{Heap before GC invocations=68 (full 0):
 garbage-first heap   total 410624K, used 405352K [0x0000000080000000, 0x0000000100000000)
  region size 1024K, 177 young (181248K), 7 survivors (7168K)
 Metaspace       used 177895K, committed 180288K, reserved 1245184K
  class space    used 23642K, committed 24832K, reserved 1048576K
}
Event: 1862.240 GC heap after
{Heap after GC invocations=69 (full 0):
 garbage-first heap   total 411648K, used 195423K [0x0000000080000000, 0x0000000100000000)
  region size 1024K, 4 young (4096K), 4 survivors (4096K)
 Metaspace       used 177895K, committed 180288K, reserved 1245184K
  class space    used 23642K, committed 24832K, reserved 1048576K
}
Event: 2447.494 GC heap before
{Heap before GC invocations=69 (full 0):
 garbage-first heap   total 411648K, used 409439K [0x0000000080000000, 0x0000000100000000)
  region size 1024K, 183 young (187392K), 4 survivors (4096K)
 Metaspace       used 191450K, committed 193920K, reserved 1245184K
  class space    used 25829K, committed 27072K, reserved 1048576K
}
Event: 2447.516 GC heap after
{Heap after GC invocations=70 (full 0):
 garbage-first heap   total 438272K, used 235491K [0x0000000080000000, 0x0000000100000000)
  region size 1024K, 22 young (22528K), 22 survivors (22528K)
 Metaspace       used 191450K, committed 193920K, reserved 1245184K
  class space    used 25829K, committed 27072K, reserved 1048576K
}
Event: 2448.271 GC heap before
{Heap before GC invocations=70 (full 0):
 garbage-first heap   total 438272K, used 270307K [0x0000000080000000, 0x0000000100000000)
  region size 1024K, 57 young (58368K), 22 survivors (22528K)
 Metaspace       used 197275K, committed 199808K, reserved 1245184K
  class space    used 26545K, committed 27776K, reserved 1048576K
}
Event: 2448.280 GC heap after
{Heap after GC invocations=71 (full 0):
 garbage-first heap   total 438272K, used 236947K [0x0000000080000000, 0x0000000100000000)
  region size 1024K, 3 young (3072K), 3 survivors (3072K)
 Metaspace       used 197275K, committed 199808K, reserved 1245184K
  class space    used 26545K, committed 27776K, reserved 1048576K
}
Event: 2450.336 GC heap before
{Heap before GC invocations=72 (full 0):
 garbage-first heap   total 438272K, used 415123K [0x0000000080000000, 0x0000000100000000)
  region size 1024K, 168 young (172032K), 3 survivors (3072K)
 Metaspace       used 201808K, committed 203648K, reserved 1245184K
  class space    used 26705K, committed 27840K, reserved 1048576K
}
Event: 2450.352 GC heap after
{Heap after GC invocations=73 (full 0):
 garbage-first heap   total 452608K, used 273408K [0x0000000080000000, 0x0000000100000000)
  region size 1024K, 21 young (21504K), 21 survivors (21504K)
 Metaspace       used 201808K, committed 203648K, reserved 1245184K
  class space    used 26705K, committed 27840K, reserved 1048576K
}
Event: 2452.583 GC heap before
{Heap before GC invocations=73 (full 0):
 garbage-first heap   total 452608K, used 408576K [0x0000000080000000, 0x0000000100000000)
  region size 1024K, 152 young (155648K), 21 survivors (21504K)
 Metaspace       used 216952K, committed 218688K, reserved 1245184K
  class space    used 28519K, committed 29376K, reserved 1048576K
}
Event: 2452.609 GC heap after
{Heap after GC invocations=74 (full 0):
 garbage-first heap   total 464896K, used 261322K [0x0000000080000000, 0x0000000100000000)
  region size 1024K, 9 young (9216K), 9 survivors (9216K)
 Metaspace       used 216952K, committed 218688K, reserved 1245184K
  class space    used 28519K, committed 29376K, reserved 1048576K
}
Event: 2455.160 GC heap before
{Heap before GC invocations=74 (full 0):
 garbage-first heap   total 464896K, used 419018K [0x0000000080000000, 0x0000000100000000)
  region size 1024K, 163 young (166912K), 9 survivors (9216K)
 Metaspace       used 235232K, committed 236992K, reserved 1310720K
  class space    used 30404K, committed 31296K, reserved 1048576K
}
Event: 2455.170 GC heap after
{Heap after GC invocations=75 (full 0):
 garbage-first heap   total 464896K, used 270166K [0x0000000080000000, 0x0000000100000000)
  region size 1024K, 16 young (16384K), 16 survivors (16384K)
 Metaspace       used 235232K, committed 236992K, reserved 1310720K
  class space    used 30404K, committed 31296K, reserved 1048576K
}

